Arguments: 
  /home/welisson/.nvm/versions/node/v16.2.0/bin/node /home/welisson/.nvm/versions/node/v16.2.0/bin/yarn add express express-async-errors dotenv pg typeorm tsyringe uuid reflect-metada

PATH: 
  /home/welisson/.zinit/polaris/bin:/home/welisson/.nvm/versions/node/v16.2.0/bin:/home/welisson/.local/bin:/home/welisson/.local/bin:/usr/local/sbin:/usr/local/bin:/usr/bin:/var/lib/flatpak/exports/bin:/usr/bin/site_perl:/usr/bin/vendor_perl:/usr/bin/core_perl:/var/lib/snapd/snap/bin

Yarn version: 
  1.22.10

Node version: 
  16.2.0

Platform: 
  linux x64

Trace: 
  Error: https://registry.yarnpkg.com/reflect-metada: Not found
      at Request.params.callback [as _callback] (/home/welisson/.nvm/versions/node/v16.2.0/lib/node_modules/yarn/lib/cli.js:66988:18)
      at Request.self.callback (/home/welisson/.nvm/versions/node/v16.2.0/lib/node_modules/yarn/lib/cli.js:140662:22)
      at Request.emit (node:events:365:28)
      at Request.<anonymous> (/home/welisson/.nvm/versions/node/v16.2.0/lib/node_modules/yarn/lib/cli.js:141634:10)
      at Request.emit (node:events:365:28)
      at IncomingMessage.<anonymous> (/home/welisson/.nvm/versions/node/v16.2.0/lib/node_modules/yarn/lib/cli.js:141556:12)
      at Object.onceWrapper (node:events:471:28)
      at IncomingMessage.emit (node:events:377:35)
      at endReadableNT (node:internal/streams/readable:1312:12)
      at processTicksAndRejections (node:internal/process/task_queues:83:21)

npm manifest: 
  {
    "name": "back-endTest",
    "version": "1.0.0",
    "main": "index.js",
    "repository": "https://github.com/WelissonLuca/test-back-end-JR-gama.git",
    "author": "WelissonLuca <welissonluca17@gmail.com>",
    "license": "MIT"
  }

yarn manifest: 
  No manifest

Lockfile: 
  No lockfile
